[01-Mar-2018 14:53:56 UTC] PHP Warning:  include(D:/www/func.php): failed to open stream: No such file or directory in E:\www\sturds\index.php on line 2
[01-Mar-2018 14:53:56 UTC] PHP Warning:  include(): Failed opening 'D:/www/func.php' for inclusion (include_path='.;C:\php\pear') in E:\www\sturds\index.php on line 2
[01-Mar-2018 14:53:56 UTC] PHP Warning:  require(./predis/src/Autoloader.php): failed to open stream: No such file or directory in E:\www\sturds\index.php on line 3
[01-Mar-2018 14:53:56 UTC] PHP Fatal error:  require(): Failed opening required './predis/src/Autoloader.php' (include_path='.;C:\php\pear') in E:\www\sturds\index.php on line 3
[01-Mar-2018 15:00:10 UTC] PHP Fatal error:  Maximum execution time of 30 seconds exceeded in E:\www\sturds\predis\src\Connection\StreamConnection.php on line 311
[02-Mar-2018 14:07:03 UTC] PHP Warning:  include(D:/www/func.php): failed to open stream: No such file or directory in E:\www\sturds\index.php on line 3
[02-Mar-2018 14:07:03 UTC] PHP Warning:  include(): Failed opening 'D:/www/func.php' for inclusion (include_path='.;C:\php\pear') in E:\www\sturds\index.php on line 3
[02-Mar-2018 14:07:21 UTC] PHP Warning:  include(D:/www/func.php): failed to open stream: No such file or directory in E:\www\sturds\index.php on line 3
[02-Mar-2018 14:07:21 UTC] PHP Warning:  include(): Failed opening 'D:/www/func.php' for inclusion (include_path='.;C:\php\pear') in E:\www\sturds\index.php on line 3
[02-Mar-2018 14:07:22 UTC] PHP Fatal error:  Uncaught Predis\Connection\ConnectionException: 由于目标计算机积极拒绝，无法连接。 [tcp://127.0.0.1:6379] in E:\www\sturds\predis\src\Connection\AbstractConnection.php:155
Stack trace:
#0 E:\www\sturds\predis\src\Connection\StreamConnection.php(128): Predis\Connection\AbstractConnection->onConnectionError('\xD3\xC9\xD3\xDA\xC4\xBF\xB1\xEA\xBC\xC6\xCB\xE3\xBB\xFA\xBB...', 10061)
#1 E:\www\sturds\predis\src\Connection\StreamConnection.php(178): Predis\Connection\StreamConnection->createStreamSocket(Object(Predis\Connection\Parameters), 'tcp://127.0.0.1...', 4)
#2 E:\www\sturds\predis\src\Connection\StreamConnection.php(100): Predis\Connection\StreamConnection->tcpStreamInitializer(Object(Predis\Connection\Parameters))
#3 E:\www\sturds\predis\src\Connection\AbstractConnection.php(81): Predis\Connection\StreamConnection->createResource()
#4 E:\www\sturds\predis\src\Connection\StreamConnection.php(258): Predis\Connection\AbstractConnection->connect()
#5 E:\www\sturds\predis\src\Connection\AbstractConnection.php(18 in E:\www\sturds\predis\src\Connection\AbstractConnection.php on line 155
[02-Mar-2018 14:08:15 UTC] PHP Warning:  include(D:/www/func.php): failed to open stream: No such file or directory in E:\www\sturds\index.php on line 3
[02-Mar-2018 14:08:15 UTC] PHP Warning:  include(): Failed opening 'D:/www/func.php' for inclusion (include_path='.;C:\php\pear') in E:\www\sturds\index.php on line 3
[02-Mar-2018 14:08:18 UTC] PHP Warning:  include(D:/www/func.php): failed to open stream: No such file or directory in E:\www\sturds\index.php on line 3
[02-Mar-2018 14:08:18 UTC] PHP Warning:  include(): Failed opening 'D:/www/func.php' for inclusion (include_path='.;C:\php\pear') in E:\www\sturds\index.php on line 3
[02-Mar-2018 14:08:19 UTC] PHP Fatal error:  Uncaught Predis\Connection\ConnectionException: 由于目标计算机积极拒绝，无法连接。 [tcp://127.0.0.1:6379] in E:\www\sturds\predis\src\Connection\AbstractConnection.php:155
Stack trace:
#0 E:\www\sturds\predis\src\Connection\StreamConnection.php(128): Predis\Connection\AbstractConnection->onConnectionError('\xD3\xC9\xD3\xDA\xC4\xBF\xB1\xEA\xBC\xC6\xCB\xE3\xBB\xFA\xBB...', 10061)
#1 E:\www\sturds\predis\src\Connection\StreamConnection.php(178): Predis\Connection\StreamConnection->createStreamSocket(Object(Predis\Connection\Parameters), 'tcp://127.0.0.1...', 4)
#2 E:\www\sturds\predis\src\Connection\StreamConnection.php(100): Predis\Connection\StreamConnection->tcpStreamInitializer(Object(Predis\Connection\Parameters))
#3 E:\www\sturds\predis\src\Connection\AbstractConnection.php(81): Predis\Connection\StreamConnection->createResource()
#4 E:\www\sturds\predis\src\Connection\StreamConnection.php(258): Predis\Connection\AbstractConnection->connect()
#5 E:\www\sturds\predis\src\Connection\AbstractConnection.php(18 in E:\www\sturds\predis\src\Connection\AbstractConnection.php on line 155
[02-Mar-2018 14:08:30 UTC] PHP Fatal error:  Cannot redeclare test() (previously declared in E:\www\sturds\index.php:33) in E:\www\func.php on line 112
[02-Mar-2018 14:09:25 UTC] PHP Fatal error:  Uncaught Predis\Connection\ConnectionException: 由于目标计算机积极拒绝，无法连接。 [tcp://127.0.0.1:6379] in E:\www\sturds\predis\src\Connection\AbstractConnection.php:155
Stack trace:
#0 E:\www\sturds\predis\src\Connection\StreamConnection.php(128): Predis\Connection\AbstractConnection->onConnectionError('\xD3\xC9\xD3\xDA\xC4\xBF\xB1\xEA\xBC\xC6\xCB\xE3\xBB\xFA\xBB...', 10061)
#1 E:\www\sturds\predis\src\Connection\StreamConnection.php(178): Predis\Connection\StreamConnection->createStreamSocket(Object(Predis\Connection\Parameters), 'tcp://127.0.0.1...', 4)
#2 E:\www\sturds\predis\src\Connection\StreamConnection.php(100): Predis\Connection\StreamConnection->tcpStreamInitializer(Object(Predis\Connection\Parameters))
#3 E:\www\sturds\predis\src\Connection\AbstractConnection.php(81): Predis\Connection\StreamConnection->createResource()
#4 E:\www\sturds\predis\src\Connection\StreamConnection.php(258): Predis\Connection\AbstractConnection->connect()
#5 E:\www\sturds\predis\src\Connection\AbstractConnection.php(18 in E:\www\sturds\predis\src\Connection\AbstractConnection.php on line 155
[02-Mar-2018 14:09:40 UTC] PHP Fatal error:  Uncaught Predis\Connection\ConnectionException: 由于目标计算机积极拒绝，无法连接。 [tcp://127.0.0.1:6379] in E:\www\sturds\predis\src\Connection\AbstractConnection.php:155
Stack trace:
#0 E:\www\sturds\predis\src\Connection\StreamConnection.php(128): Predis\Connection\AbstractConnection->onConnectionError('\xD3\xC9\xD3\xDA\xC4\xBF\xB1\xEA\xBC\xC6\xCB\xE3\xBB\xFA\xBB...', 10061)
#1 E:\www\sturds\predis\src\Connection\StreamConnection.php(178): Predis\Connection\StreamConnection->createStreamSocket(Object(Predis\Connection\Parameters), 'tcp://127.0.0.1...', 4)
#2 E:\www\sturds\predis\src\Connection\StreamConnection.php(100): Predis\Connection\StreamConnection->tcpStreamInitializer(Object(Predis\Connection\Parameters))
#3 E:\www\sturds\predis\src\Connection\AbstractConnection.php(81): Predis\Connection\StreamConnection->createResource()
#4 E:\www\sturds\predis\src\Connection\StreamConnection.php(258): Predis\Connection\AbstractConnection->connect()
#5 E:\www\sturds\predis\src\Connection\AbstractConnection.php(18 in E:\www\sturds\predis\src\Connection\AbstractConnection.php on line 155
[02-Mar-2018 14:09:49 UTC] PHP Fatal error:  Uncaught Predis\Connection\ConnectionException: 由于目标计算机积极拒绝，无法连接。 [tcp://127.0.0.1:6379] in E:\www\sturds\predis\src\Connection\AbstractConnection.php:155
Stack trace:
#0 E:\www\sturds\predis\src\Connection\StreamConnection.php(128): Predis\Connection\AbstractConnection->onConnectionError('\xD3\xC9\xD3\xDA\xC4\xBF\xB1\xEA\xBC\xC6\xCB\xE3\xBB\xFA\xBB...', 10061)
#1 E:\www\sturds\predis\src\Connection\StreamConnection.php(178): Predis\Connection\StreamConnection->createStreamSocket(Object(Predis\Connection\Parameters), 'tcp://127.0.0.1...', 4)
#2 E:\www\sturds\predis\src\Connection\StreamConnection.php(100): Predis\Connection\StreamConnection->tcpStreamInitializer(Object(Predis\Connection\Parameters))
#3 E:\www\sturds\predis\src\Connection\AbstractConnection.php(81): Predis\Connection\StreamConnection->createResource()
#4 E:\www\sturds\predis\src\Connection\StreamConnection.php(258): Predis\Connection\AbstractConnection->connect()
#5 E:\www\sturds\predis\src\Connection\AbstractConnection.php(18 in E:\www\sturds\predis\src\Connection\AbstractConnection.php on line 155
[02-Mar-2018 14:09:56 UTC] PHP Fatal error:  Uncaught Predis\Connection\ConnectionException: 由于目标计算机积极拒绝，无法连接。 [tcp://127.0.0.1:6379] in E:\www\sturds\predis\src\Connection\AbstractConnection.php:155
Stack trace:
#0 E:\www\sturds\predis\src\Connection\StreamConnection.php(128): Predis\Connection\AbstractConnection->onConnectionError('\xD3\xC9\xD3\xDA\xC4\xBF\xB1\xEA\xBC\xC6\xCB\xE3\xBB\xFA\xBB...', 10061)
#1 E:\www\sturds\predis\src\Connection\StreamConnection.php(178): Predis\Connection\StreamConnection->createStreamSocket(Object(Predis\Connection\Parameters), 'tcp://127.0.0.1...', 4)
#2 E:\www\sturds\predis\src\Connection\StreamConnection.php(100): Predis\Connection\StreamConnection->tcpStreamInitializer(Object(Predis\Connection\Parameters))
#3 E:\www\sturds\predis\src\Connection\AbstractConnection.php(81): Predis\Connection\StreamConnection->createResource()
#4 E:\www\sturds\predis\src\Connection\StreamConnection.php(258): Predis\Connection\AbstractConnection->connect()
#5 E:\www\sturds\predis\src\Connection\AbstractConnection.php(18 in E:\www\sturds\predis\src\Connection\AbstractConnection.php on line 155
[02-Mar-2018 14:11:31 UTC] PHP Fatal error:  Maximum execution time of 30 seconds exceeded in E:\www\sturds\predis\src\Connection\StreamConnection.php on line 311
[02-Mar-2018 14:13:11 UTC] PHP Fatal error:  Maximum execution time of 30 seconds exceeded in E:\www\sturds\predis\src\Connection\StreamConnection.php on line 311
[02-Mar-2018 14:16:16 UTC] PHP Fatal error:  Maximum execution time of 30 seconds exceeded in E:\www\sturds\predis\src\Connection\StreamConnection.php on line 311
[02-Mar-2018 14:16:30 UTC] PHP Fatal error:  Maximum execution time of 30 seconds exceeded in E:\www\sturds\predis\src\Connection\StreamConnection.php on line 311
[02-Mar-2018 14:16:38 UTC] PHP Fatal error:  Maximum execution time of 30 seconds exceeded in E:\www\sturds\predis\src\Connection\StreamConnection.php on line 311
[02-Mar-2018 14:16:46 UTC] PHP Fatal error:  Maximum execution time of 30 seconds exceeded in E:\www\sturds\predis\src\Connection\StreamConnection.php on line 311
[02-Mar-2018 14:17:16 UTC] PHP Fatal error:  Maximum execution time of 30 seconds exceeded in E:\www\sturds\predis\src\Connection\StreamConnection.php on line 311
